[    0.000000] Initializing cgroup subsys cpuset
[    0.000000] Initializing cgroup subsys cpu
[    0.000000] Initializing cgroup subsys cpuacct
[    0.000000] Linux version 4.4.0-170-generic (buildd@lcy01-amd64-019) (gcc version 5.4.0 20160609 (Ubuntu 5.4.0-6ubuntu1~16.04.12) ) #199-Ubuntu SMP Thu Nov 14 01:45:04 UTC 2019 (Ubuntu 4.4.0-170.199-generic 4.4.200)
[    0.000000] Command line: BOOT_IMAGE=/boot/vmlinuz-4.4.0-170-generic root=LABEL=cloudimg-rootfs ro console=tty1 console=ttyS0
[    0.000000] KERNEL supported cpus:
[    0.000000]   Intel GenuineIntel
[    0.000000]   AMD AuthenticAMD
[    0.000000]   Centaur CentaurHauls
[    0.000000] x86/fpu: xstate_offset[2]:  576, xstate_sizes[2]:  256
[    0.000000] x86/fpu: Supporting XSAVE feature 0x01: 'x87 floating point registers'
[    0.000000] x86/fpu: Supporting XSAVE feature 0x02: 'SSE registers'
[    0.000000] x86/fpu: Supporting XSAVE feature 0x04: 'AVX registers'
[    0.000000] x86/fpu: Enabled xstate features 0x7, context size is 832 bytes, using 'standard' format.
[    0.000000] e820: BIOS-provided physical RAM map:
[    0.000000] BIOS-e820: [mem 0x0000000000000000-0x000000000009fbff] usable
[    0.000000] BIOS-e820: [mem 0x000000000009fc00-0x000000000009ffff] reserved
[    0.000000] BIOS-e820: [mem 0x00000000000f0000-0x00000000000fffff] reserved
[    0.000000] BIOS-e820: [mem 0x0000000000100000-0x000000003ffeffff] usable
[    0.000000] BIOS-e820: [mem 0x000000003fff0000-0x000000003fffffff] ACPI data
[    0.000000] BIOS-e820: [mem 0x00000000fec00000-0x00000000fec00fff] reserved
[    0.000000] BIOS-e820: [mem 0x00000000fee00000-0x00000000fee00fff] reserved
[    0.000000] BIOS-e820: [mem 0x00000000fffc0000-0x00000000ffffffff] reserved
[    0.000000] NX (Execute Disable) protection: active
[    0.000000] SMBIOS 2.5 present.
[    0.000000] Hypervisor detected: KVM
[    0.000000] e820: last_pfn = 0x3fff0 max_arch_pfn = 0x400000000
[    0.000000] MTRR: Disabled
[    0.000000] x86/PAT: MTRRs disabled, skipping PAT initialization too.
[    0.000000] CPU MTRRs all blank - virtualized system.
[    0.000000] x86/PAT: Configuration [0-7]: WB  WT  UC- UC  WB  WT  UC- UC  
[    0.000000] found SMP MP-table at [mem 0x0009fff0-0x0009ffff] mapped at [ffff88000009fff0]
[    0.000000] Scanning 1 areas for low memory corruption
[    0.000000] RAMDISK: [mem 0x362fa000-0x37174fff]
[    0.000000] ACPI: Early table checksum verification disabled
[    0.000000] ACPI: RSDP 0x00000000000E0000 000024 (v02 VBOX  )
[    0.000000] ACPI: XSDT 0x000000003FFF0030 00003C (v01 VBOX   VBOXXSDT 00000001 ASL  00000061)
[    0.000000] ACPI: FACP 0x000000003FFF00F0 0000F4 (v04 VBOX   VBOXFACP 00000001 ASL  00000061)
[    0.000000] ACPI: DSDT 0x000000003FFF0470 0022EA (v02 VBOX   VBOXBIOS 00000002 INTL 20100528)
[    0.000000] ACPI: FACS 0x000000003FFF0200 000040
[    0.000000] ACPI: FACS 0x000000003FFF0200 000040
[    0.000000] ACPI: APIC 0x000000003FFF0240 00005C (v02 VBOX   VBOXAPIC 00000001 ASL  00000061)
[    0.000000] ACPI: SSDT 0x000000003FFF02A0 0001CC (v01 VBOX   VBOXCPUT 00000002 INTL 20100528)
[    0.000000] No NUMA configuration found
[    0.000000] Faking a node at [mem 0x0000000000000000-0x000000003ffeffff]
[    0.000000] NODE_DATA(0) allocated [mem 0x3ffeb000-0x3ffeffff]
[    0.000000] kvm-clock: Using msrs 4b564d01 and 4b564d00
[    0.000000] kvm-clock: cpu 0, msr 0:3ffe3001, primary cpu clock
[    0.000000] kvm-clock: using sched offset of 4356041571 cycles
[    0.000000] clocksource: kvm-clock: mask: 0xffffffffffffffff max_cycles: 0x1cd42e4dffb, max_idle_ns: 881590591483 ns
[    0.000000] Zone ranges:
[    0.000000]   DMA      [mem 0x0000000000001000-0x0000000000ffffff]
[    0.000000]   DMA32    [mem 0x0000000001000000-0x000000003ffeffff]
[    0.000000]   Normal   empty
[    0.000000]   Device   empty
[    0.000000] Movable zone start for each node
[    0.000000] Early memory node ranges
[    0.000000]   node   0: [mem 0x0000000000001000-0x000000000009efff]
[    0.000000]   node   0: [mem 0x0000000000100000-0x000000003ffeffff]
[    0.000000] Initmem setup node 0 [mem 0x0000000000001000-0x000000003ffeffff]
[    0.000000] ACPI: PM-Timer IO Port: 0x4008
[    0.000000] IOAPIC[0]: apic_id 2, version 32, address 0xfec00000, GSI 0-23
[    0.000000] ACPI: INT_SRC_OVR (bus 0 bus_irq 0 global_irq 2 dfl dfl)
[    0.000000] ACPI: INT_SRC_OVR (bus 0 bus_irq 9 global_irq 9 low level)
[    0.000000] Using ACPI (MADT) for SMP configuration information
[    0.000000] smpboot: Allowing 2 CPUs, 0 hotplug CPUs
[    0.000000] PM: Registered nosave memory: [mem 0x00000000-0x00000fff]
[    0.000000] PM: Registered nosave memory: [mem 0x0009f000-0x0009ffff]
[    0.000000] PM: Registered nosave memory: [mem 0x000a0000-0x000effff]
[    0.000000] PM: Registered nosave memory: [mem 0x000f0000-0x000fffff]
[    0.000000] e820: [mem 0x40000000-0xfebfffff] available for PCI devices
[    0.000000] Booting paravirtualized kernel on KVM
[    0.000000] clocksource: refined-jiffies: mask: 0xffffffff max_cycles: 0xffffffff, max_idle_ns: 7645519600211568 ns
[    0.000000] setup_percpu: NR_CPUS:512 nr_cpumask_bits:512 nr_cpu_ids:2 nr_node_ids:1
[    0.000000] PERCPU: Embedded 33 pages/cpu @ffff88003fc00000 s95448 r8192 d31528 u1048576
[    0.000000] Built 1 zonelists in Node order, mobility grouping on.  Total pages: 257912
[    0.000000] Policy zone: DMA32
[    0.000000] Kernel command line: BOOT_IMAGE=/boot/vmlinuz-4.4.0-170-generic root=LABEL=cloudimg-rootfs ro console=tty1 console=ttyS0
[    0.000000] PID hash table entries: 4096 (order: 3, 32768 bytes)
[    0.000000] Memory: 997728K/1048120K available (8626K kernel code, 1336K rwdata, 4036K rodata, 1488K init, 1288K bss, 50392K reserved, 0K cma-reserved)
[    0.000000] SLUB: HWalign=64, Order=0-3, MinObjects=0, CPUs=2, Nodes=1
[    0.000000] Kernel/User page tables isolation: enabled
[    0.000000] Hierarchical RCU implementation.
[    0.000000] 	Build-time adjustment of leaf fanout to 64.
[    0.000000] 	RCU restricting CPUs from NR_CPUS=512 to nr_cpu_ids=2.
[    0.000000] RCU: Adjusting geometry for rcu_fanout_leaf=64, nr_cpu_ids=2
[    0.000000] NR_IRQS:33024 nr_irqs:440 16
[    0.000000] Console: colour VGA+ 80x25
[    0.000000] console [tty1] enabled
[    0.000000] console [ttyS0] enabled
[    0.000000] tsc: Detected 2903.998 MHz processor
[    0.176267] Calibrating delay loop (skipped) preset value.. 5807.99 BogoMIPS (lpj=11615992)
[    0.178969] pid_max: default: 32768 minimum: 301
[    0.180511] ACPI: Core revision 20150930
[    0.183798] ACPI: 2 ACPI AML tables successfully acquired and loaded
[    0.186007] Security Framework initialized
[    0.187405] Yama: becoming mindful.
[    0.188765] AppArmor: AppArmor initialized
[    0.190432] Dentry cache hash table entries: 131072 (order: 8, 1048576 bytes)
[    0.195487] Inode-cache hash table entries: 65536 (order: 7, 524288 bytes)
[    0.197446] Mount-cache hash table entries: 2048 (order: 2, 16384 bytes)
[    0.199200] Mountpoint-cache hash table entries: 2048 (order: 2, 16384 bytes)
[    0.200997] Initializing cgroup subsys io
[    0.202009] Initializing cgroup subsys memory
[    0.203701] Initializing cgroup subsys devices
[    0.205323] Initializing cgroup subsys freezer
[    0.206940] Initializing cgroup subsys net_cls
[    0.208535] Initializing cgroup subsys perf_event
[    0.210131] Initializing cgroup subsys net_prio
[    0.211805] Initializing cgroup subsys hugetlb
[    0.213307] Initializing cgroup subsys pids
[    0.216064] mce: CPU supports 0 MCE banks
[    0.217212] Last level iTLB entries: 4KB 64, 2MB 8, 4MB 8
[    0.218493] Last level dTLB entries: 4KB 64, 2MB 0, 4MB 0, 1GB 4
[    0.219880] Spectre V1 : Mitigation: usercopy/swapgs barriers and __user pointer sanitization
[    0.222883] Spectre V2 : Mitigation: Full generic retpoline
[    0.224337] Spectre V2 : Spectre v2 / SpectreRSB mitigation: Filling RSB on context switch
[    0.226304] Speculative Store Bypass: Vulnerable
[    0.228011] MDS: Mitigation: Clear CPU buffers
[    0.233137] Freeing SMP alternatives memory: 36K
[    0.242490] ftrace: allocating 32302 entries in 127 pages
[    0.318681] smpboot: APIC(0) Converting physical 0 to logical package 0
[    0.320238] smpboot: Max logical packages: 1
[    0.321631] x2apic enabled
[    0.322828] Switched APIC routing to physical x2apic.
[    0.325470] ..TIMER: vector=0x30 apic1=0 pin1=2 apic2=-1 pin2=-1
[    0.435030] smpboot: CPU0: Intel(R) Core(TM) i7-7500U CPU @ 2.70GHz (family: 0x6, model: 0x8e, stepping: 0x9)
[    0.437500] Performance Events: unsupported p6 CPU model 142 no PMU driver, software events only.
[    0.451069] KVM setup paravirtual spinlock
[    0.452886] x86: Booting SMP configuration:
[    0.453902] .... node  #0, CPUs:      #1
[    0.455040] kvm-clock: cpu 1, msr 0:3ffe3041, secondary cpu clock
[    0.457148] mce: CPU supports 0 MCE banks
[    0.460195] x86: Booted up 1 node, 2 CPUs
[    0.461508] smpboot: Total of 2 processors activated (11615.99 BogoMIPS)
[    0.463503] devtmpfs: initialized
[    0.466006] evm: security.selinux
[    0.466907] evm: security.SMACK64
[    0.467848] evm: security.SMACK64EXEC
[    0.468784] evm: security.SMACK64TRANSMUTE
[    0.469799] evm: security.SMACK64MMAP
[    0.470828] evm: security.ima
[    0.471699] evm: security.capability
[    0.472916] clocksource: jiffies: mask: 0xffffffff max_cycles: 0xffffffff, max_idle_ns: 7645041785100000 ns
[    0.475203] futex hash table entries: 512 (order: 3, 32768 bytes)
[    0.476799] pinctrl core: initialized pinctrl subsystem
[    0.478149] RTC time: 14:12:32, date: 01/21/20
[    0.479459] NET: Registered protocol family 16
[    0.493952] cpuidle: using governor ladder
[    0.508819] cpuidle: using governor menu
[    0.510903] PCCT header not found.
[    0.512166] ACPI: bus type PCI registered
[    0.513169] acpiphp: ACPI Hot Plug PCI Controller Driver version: 0.5
[    0.514596] PCI: Using configuration type 1 for base access
[    0.528789] ACPI: Added _OSI(Module Device)
[    0.529868] ACPI: Added _OSI(Processor Device)
[    0.530914] ACPI: Added _OSI(3.0 _SCP Extensions)
[    0.532078] ACPI: Added _OSI(Processor Aggregator Device)
[    0.534061] ACPI: Executed 1 blocks of module-level executable AML code
[    0.537920] ACPI: Interpreter enabled
[    0.538867] ACPI: (supports S0 S5)
[    0.539755] ACPI: Using IOAPIC for interrupt routing
[    0.541120] PCI: Using host bridge windows from ACPI; if necessary, use "pci=nocrs" and report a bug
[    0.547074] ACPI: PCI Root Bridge [PCI0] (domain 0000 [bus 00-ff])
[    0.548484] acpi PNP0A03:00: _OSC: OS supports [ASPM ClockPM Segments MSI]
[    0.550402] acpi PNP0A03:00: _OSC: not requesting OS control; OS requires [ExtendedConfig ASPM ClockPM MSI]
[    0.552687] acpi PNP0A03:00: fail to add MMCONFIG information, can't access extended PCI configuration space under this bridge.
[    0.555570] PCI host bridge to bus 0000:00
[    0.556583] pci_bus 0000:00: root bus resource [io  0x0000-0x0cf7 window]
[    0.558074] pci_bus 0000:00: root bus resource [io  0x0d00-0xffff window]
[    0.559523] pci_bus 0000:00: root bus resource [mem 0x000a0000-0x000bffff window]
[    0.561332] pci_bus 0000:00: root bus resource [mem 0x40000000-0xfdffffff window]
[    0.563151] pci_bus 0000:00: root bus resource [bus 00-ff]
[    0.566388] pci 0000:00:01.1: legacy IDE quirk: reg 0x10: [io  0x01f0-0x01f7]
[    0.567983] pci 0000:00:01.1: legacy IDE quirk: reg 0x14: [io  0x03f6]
[    0.569432] pci 0000:00:01.1: legacy IDE quirk: reg 0x18: [io  0x0170-0x0177]
[    0.571141] pci 0000:00:01.1: legacy IDE quirk: reg 0x1c: [io  0x0376]
[    0.605337] pci 0000:00:07.0: quirk: [io  0x4000-0x403f] claimed by PIIX4 ACPI
[    0.607163] pci 0000:00:07.0: quirk: [io  0x4100-0x410f] claimed by PIIX4 SMB
[    0.616344] ACPI: PCI Interrupt Link [LNKA] (IRQs 5 9 10 *11)
[    0.618456] ACPI: PCI Interrupt Link [LNKB] (IRQs 5 9 *10 11)
[    0.620494] ACPI: PCI Interrupt Link [LNKC] (IRQs 5 *9 10 11)
[    0.622350] ACPI: PCI Interrupt Link [LNKD] (IRQs 5 9 10 *11)
[    0.624287] ACPI: Enabled 2 GPEs in block 00 to 07
[    0.625959] vgaarb: setting as boot device: PCI:0000:00:02.0
[    0.627438] vgaarb: device added: PCI:0000:00:02.0,decodes=io+mem,owns=io+mem,locks=none
[    0.629527] vgaarb: loaded
[    0.630306] vgaarb: bridge control possible 0000:00:02.0
[    0.631794] SCSI subsystem initialized
[    0.632991] ACPI: bus type USB registered
[    0.634095] usbcore: registered new interface driver usbfs
[    0.635386] usbcore: registered new interface driver hub
[    0.636617] usbcore: registered new device driver usb
[    0.638164] PCI: Using ACPI for IRQ routing
[    0.639451] NetLabel: Initializing
[    0.640367] NetLabel:  domain hash size = 128
[    0.641421] NetLabel:  protocols = UNLABELED CIPSOv4
[    0.645330] NetLabel:  unlabeled traffic allowed by default
[    0.646847] amd_nb: Cannot enumerate AMD northbridges
[    0.648180] clocksource: Switched to clocksource kvm-clock
[    0.660387] AppArmor: AppArmor Filesystem Enabled
[    0.661573] pnp: PnP ACPI init
[    0.663268] pnp: PnP ACPI: found 3 devices
[    0.675611] clocksource: acpi_pm: mask: 0xffffff max_cycles: 0xffffff, max_idle_ns: 2085701024 ns
[    0.678004] NET: Registered protocol family 2
[    0.679230] TCP established hash table entries: 8192 (order: 4, 65536 bytes)
[    0.680725] TCP bind hash table entries: 8192 (order: 5, 131072 bytes)
[    0.682156] TCP: Hash tables configured (established 8192 bind 8192)
[    0.683518] UDP hash table entries: 512 (order: 2, 16384 bytes)
[    0.684864] UDP-Lite hash table entries: 512 (order: 2, 16384 bytes)
[    0.686270] NET: Registered protocol family 1
[    0.687332] pci 0000:00:00.0: Limiting direct PCI/PCI transfers
[    0.688760] pci 0000:00:01.0: Activating ISA DMA hang workarounds
[    0.690214] Unpacking initramfs...
[    0.927115] Freeing initrd memory: 14828K
[    0.928397] clocksource: tsc: mask: 0xffffffffffffffff max_cycles: 0x29dc03c1beb, max_idle_ns: 440795205215 ns
[    0.930879] platform rtc_cmos: registered platform RTC device (no PNP device found)
[    0.932735] Scanning for low memory corruption every 60 seconds
[    0.934592] audit: initializing netlink subsys (disabled)
[    0.935859] audit: type=2000 audit(1579615958.904:1): initialized
[    0.937506] Initialise system trusted keyring
[    0.938877] HugeTLB registered 2 MB page size, pre-allocated 0 pages
[    0.941554] zbud: loaded
[    0.942752] VFS: Disk quotas dquot_6.6.0
[    0.943870] VFS: Dquot-cache hash table entries: 512 (order 0, 4096 bytes)
[    0.946107] squashfs: version 4.0 (2009/01/31) Phillip Lougher
[    0.948563] fuse init (API version 7.23)
[    0.950231] Key type big_key registered
[    0.951623] Allocating IMA MOK and blacklist keyrings.
[    0.956158] Key type asymmetric registered
[    0.957240] Asymmetric key parser 'x509' registered
[    0.958426] Block layer SCSI generic (bsg) driver version 0.4 loaded (major 249)
[    0.960383] io scheduler noop registered
[    0.961374] io scheduler deadline registered (default)
[    0.962564] io scheduler cfq registered
[    0.963609] pci_hotplug: PCI Hot Plug PCI Core version: 0.5
[    0.964924] pciehp: PCI Express Hot Plug Controller Driver version: 0.4
[    0.966441] ACPI: AC Adapter [AC] (on-line)
[    0.967510] input: Power Button as /devices/LNXSYSTM:00/LNXPWRBN:00/input/input0
[    0.969391] ACPI: Power Button [PWRF]
[    0.970407] input: Sleep Button as /devices/LNXSYSTM:00/LNXSLPBN:00/input/input1
[    0.972418] ACPI: Sleep Button [SLPF]
[    0.973806] GHES: HEST is not enabled!
[    0.974478] ACPI: Battery Slot [BAT0] (battery present)
[    0.976482] Serial: 8250/16550 driver, 32 ports, IRQ sharing enabled
[    0.998565] 00:02: ttyS0 at I/O 0x3f8 (irq = 4, base_baud = 115200) is a 16550A
[    1.006317] Linux agpgart interface v0.103
[    1.009218] loop: module loaded
[    1.010849] scsi host0: ata_piix
[    1.011826] scsi host1: ata_piix
[    1.012707] ata1: PATA max UDMA/33 cmd 0x1f0 ctl 0x3f6 bmdma 0xd000 irq 14
[    1.014092] ata2: PATA max UDMA/33 cmd 0x170 ctl 0x376 bmdma 0xd008 irq 15
[    1.015618] libphy: Fixed MDIO Bus: probed
[    1.016955] tun: Universal TUN/TAP device driver, 1.6
[    1.018237] tun: (C) 1999-2004 Max Krasnyansky <maxk@qualcomm.com>
[    1.019822] PPP generic driver version 2.4.2
[    1.021152] ehci_hcd: USB 2.0 'Enhanced' Host Controller (EHCI) Driver
[    1.022587] ehci-pci: EHCI PCI platform driver
[    1.023673] ehci-platform: EHCI generic platform driver
[    1.024996] ohci_hcd: USB 1.1 'Open' Host Controller (OHCI) Driver
[    1.026417] ohci-pci: OHCI PCI platform driver
[    1.027550] ohci-platform: OHCI generic platform driver
[    1.028872] uhci_hcd: USB Universal Host Controller Interface driver
[    1.030331] i8042: PNP: PS/2 Controller [PNP0303:PS2K,PNP0f03:PS2M] at 0x60,0x64 irq 1,12
[    1.032813] serio: i8042 KBD port at 0x60,0x64 irq 1
[    1.033991] serio: i8042 AUX port at 0x60,0x64 irq 12
[    1.035600] mousedev: PS/2 mouse device common for all mice
[    1.037488] input: AT Translated Set 2 keyboard as /devices/platform/i8042/serio0/input/input2
[    1.040112] rtc_cmos rtc_cmos: rtc core: registered rtc_cmos as rtc0
[    1.042147] rtc_cmos rtc_cmos: alarms up to one day, 114 bytes nvram
[    1.043477] i2c /dev entries driver
[    1.044801] device-mapper: uevent: version 1.0.3
[    1.046033] device-mapper: ioctl: 4.34.0-ioctl (2015-10-28) initialised: dm-devel@redhat.com
[    1.048000] ledtrig-cpu: registered to indicate activity on CPUs
[    1.050147] NET: Registered protocol family 10
[    1.051500] NET: Registered protocol family 17
[    1.052878] Key type dns_resolver registered
[    1.054780] registered taskstats version 1
[    1.055821] Loading compiled-in X.509 certificates
[    1.057505] Loaded X.509 cert 'Build time autogenerated kernel key: f0e56e97f406068ace47a9bf54316e9855aaaa43'
[    1.059774] zswap: loaded using pool lzo/zbud
[    1.063146] Key type trusted registered
[    1.068406] Key type encrypted registered
[    1.069417] AppArmor: AppArmor sha1 policy hashing enabled
[    1.070635] ima: No TPM chip found, activating TPM-bypass!
[    1.071920] ima: Allocated hash algorithm: sha1
[    1.073114] evm: HMAC attrs: 0x1
[    1.074544]   Magic number: 4:200:233
[    1.075618] rtc_cmos rtc_cmos: setting system clock to 2020-01-21 14:12:33 UTC (1579615953)
[    1.077833] BIOS EDD facility v0.16 2004-Jun-25, 0 devices found
[    1.079214] EDD information not available.
[    1.174149] Freeing unused kernel memory: 1488K
[    1.175696] Write protecting the kernel read-only data: 14336k
[    1.178281] Freeing unused kernel memory: 1604K
[    1.179987] Freeing unused kernel memory: 60K
Loading, please wait...
starting version 229
[    1.199532] random: systemd-udevd: uninitialized urandom read (16 bytes read, 3 bits of entropy available)
[    1.200700] random: udevadm: uninitialized urandom read (16 bytes read, 3 bits of entropy available)
[    1.200731] random: udevadm: uninitialized urandom read (16 bytes read, 3 bits of entropy available)
[    1.209784] random: systemd-udevd: uninitialized urandom read (16 bytes read, 3 bits of entropy available)
[    1.212548] random: udevadm: uninitialized urandom read (16 bytes read, 3 bits of entropy available)
[    1.212596] random: udevadm: uninitialized urandom read (16 bytes read, 3 bits of entropy available)
[    1.212762] random: udevadm: uninitialized urandom read (16 bytes read, 3 bits of entropy available)
[    1.212827] random: udevadm: uninitialized urandom read (16 bytes read, 3 bits of entropy available)
[    1.212890] random: udevadm: uninitialized urandom read (16 bytes read, 3 bits of entropy available)
[    1.212956] random: udevadm: uninitialized urandom read (16 bytes read, 3 bits of entropy available)
[    1.258548] Fusion MPT base driver 3.04.20
[    1.260010] Copyright (c) 1999-2008 LSI Corporation
[    1.266173] e1000: Intel(R) PRO/1000 Network Driver - version 7.3.21-k8-NAPI
[    1.267810] e1000: Copyright (c) 1999-2006 Intel Corporation.
[    1.283610] Fusion MPT SPI Host driver 3.04.20
[    1.289429] AVX2 version of gcm_enc/dec engaged.
[    1.290889] AES CTR mode by8 optimization enabled
[    1.481051] input: ImExPS/2 Generic Explorer Mouse as /devices/platform/i8042/serio1/input/input4
[    1.667027] e1000 0000:00:03.0 eth0: (PCI:33MHz:32-bit) 02:dd:45:a7:5d:a0
[    1.668561] e1000 0000:00:03.0 eth0: Intel(R) PRO/1000 Network Connection
[    1.671248] e1000 0000:00:03.0 enp0s3: renamed from eth0
[    1.672998] mptbase: ioc0: Initiating bringup
[    1.936131] ioc0: LSI53C1030 A0: Capabilities={Initiator}
[    2.893191] scsi host2: ioc0: LSI53C1030 A0, FwRev=00000000h, Ports=1, MaxQ=256, IRQ=20
[    3.040532] scsi 2:0:0:0: Direct-Access     VBOX     HARDDISK         1.0  PQ: 0 ANSI: 5
[    3.043142] scsi target2:0:0: Beginning Domain Validation
[    3.047414] scsi target2:0:0: Domain Validation skipping write tests
[    3.048787] scsi target2:0:0: Ending Domain Validation
[    3.050125] scsi target2:0:0: asynchronous
[    3.052135] scsi 2:0:1:0: Direct-Access     VBOX     HARDDISK         1.0  PQ: 0 ANSI: 5
[    3.054044] scsi target2:0:1: Beginning Domain Validation
[    3.057552] scsi target2:0:1: Domain Validation skipping write tests
[    3.058877] scsi target2:0:1: Ending Domain Validation
[    3.060039] scsi target2:0:1: asynchronous
[    3.081716] sd 2:0:0:0: Attached scsi generic sg0 type 0
[    3.083165] sd 2:0:0:0: [sda] 20971520 512-byte logical blocks: (10.7 GB/10.0 GiB)
[    3.085433] sd 2:0:1:0: Attached scsi generic sg1 type 0
[    3.086708] sd 2:0:0:0: [sda] Write Protect is off
[    3.087817] sd 2:0:1:0: [sdb] 20480 512-byte logical blocks: (10.5 MB/10.0 MiB)
[    3.089763] sd 2:0:0:0: [sda] Incomplete mode parameter data
[    3.090971] sd 2:0:0:0: [sda] Assuming drive cache: write through
[    3.092401] sd 2:0:1:0: [sdb] Write Protect is off
[    3.093847] sd 2:0:1:0: [sdb] Incomplete mode parameter data
[    3.095062] sd 2:0:1:0: [sdb] Assuming drive cache: write through
[    3.100371]  sda: sda1
[    3.103279] sd 2:0:0:0: [sda] Attached SCSI disk
[    3.105325] sd 2:0:1:0: [sdb] Attached SCSI disk
Begin: Loading essential drivers ... [    4.548884] md: linear personality registered for level -1
[    4.552804] md: multipath personality registered for level -4
[    4.556750] md: raid0 personality registered for level 0
[    4.561997] md: raid1 personality registered for level 1
[    4.632211] raid6: sse2x1   gen()  9498 MB/s
[    4.700483] raid6: sse2x1   xor()  7949 MB/s
[    4.768755] raid6: sse2x2   gen() 14306 MB/s
[    4.836187] raid6: sse2x2   xor() 10048 MB/s
[    4.904426] raid6: sse2x4   gen() 15322 MB/s
[    4.972810] raid6: sse2x4   xor() 10810 MB/s
[    5.040205] raid6: avx2x1   gen() 22865 MB/s
[    5.108406] raid6: avx2x2   gen() 22154 MB/s
[    5.176744] raid6: avx2x4   gen() 28631 MB/s
[    5.177812] raid6: using algorithm avx2x4 gen() 28631 MB/s
[    5.179061] raid6: using avx2x2 recovery algorithm
[    5.181441] xor: automatically using best checksumming function:
[    5.220247]    avx       : 24412.000 MB/sec
[    5.222796] async_tx: api initialized (async)
[    5.232175] md: raid6 personality registered for level 6
[    5.233465] md: raid5 personality registered for level 5
[    5.234648] md: raid4 personality registered for level 4
[    5.242372] md: raid10 personality registered for level 10
done.
Begin: Running /scripts/init-premount ... done.
Begin: Mounting root file system ... Begin: Running /scripts/local-top ... done.
Begin: Running /scripts/local-premount ... [    5.273529] Btrfs loaded
Scanning for Btrfs filesystems
done.
Warning: fsck not present, so skipping root file system
[    5.305206] EXT4-fs (sda1): mounted filesystem with ordered data mode. Opts: (null)
done.
Begin: Running /scripts/local-bottom ... done.
Begin: Running /scripts/init-bottom ... done.
[    5.407791] systemd[1]: systemd 229 running in system mode. (+PAM +AUDIT +SELINUX +IMA +APPARMOR +SMACK +SYSVINIT +UTMP +LIBCRYPTSETUP +GCRYPT +GNUTLS +ACL +XZ -LZ4 +SECCOMP +BLKID +ELFUTILS +KMOD -IDN)
[    5.411719] systemd[1]: Detected virtualization oracle.
[    5.413310] systemd[1]: Detected architecture x86-64.

Welcome to [1mUbuntu 16.04.6 LTS[0m!

[    5.425050] systemd[1]: Set hostname to <ubuntu>.
[    5.429246] systemd[1]: Initializing machine ID from random generator.
[    5.431203] systemd[1]: Installed transient /etc/machine-id file.
[    5.572290] systemd[1]: Listening on LVM2 metadata daemon socket.
[[0;32m  OK  [0m] Listening on LVM2 metadata daemon socket.
[    5.574793] systemd[1]: Listening on Journal Socket (/dev/log).
[[0;32m  OK  [0m] Listening on Journal Socket (/dev/log).
[    5.577127] systemd[1]: Reached target Swap.
[[0;32m  OK  [0m] Reached target Swap.
[    5.579102] systemd[1]: Set up automount Arbitrary Executable File Formats File System Automount Point.
[[0;32m  OK  [0m] Set up automount Arbitrary Executab...ats File System Automount Point.
[    5.582596] systemd[1]: Listening on LVM2 poll daemon socket.
[[0;32m  OK  [0m] Listening on LVM2 poll daemon socket.
[    5.584832] systemd[1]: Reached target User and Group Name Lookups.
[[0;32m  OK  [0m] Reached target User and Group Name Lookups.
[    5.587615] systemd[1]: Created slice System Slice.
[[0;32m  OK  [0m] Created slice System Slice.
[    5.634819] systemd[1]: Listening on Journal Audit Socket.
[[0;32m  OK  [0m] Listening on Journal Audit Socket.
[    5.652316] systemd[1]: Created slice system-serial\x2dgetty.slice.
[[0;32m  OK  [0m] Created slice system-serial\x2dgetty.slice.
[    5.655607] systemd[1]: Listening on udev Control Socket.
[[0;32m  OK  [0m] Listening on udev Control Socket.
[    5.880159] systemd[1]: Listening on udev Kernel Socket.
[[0;32m  OK  [0m] Listening on udev Kernel Socket.
[    5.888438] systemd[1]: Listening on Syslog Socket.
[[0;32m  OK  [0m] Listening on Syslog Socket.
[    5.899145] systemd[1]: Started Trigger resolvconf update for networkd DNS.
[[0;32m  OK  [0m] Started Trigger resolvconf update for networkd DNS.
[    5.902546] systemd[1]: Listening on Journal Socket.
[[0;32m  OK  [0m] Listening on Journal Socket.
[    5.917144] systemd[1]: Starting Journal Service...
         Starting Journal Service...
[    5.920863] systemd[1]: Mounting Debug File System...
         Mounting Debug File System...
[    5.925116] systemd[1]: Starting Remount Root and Kernel File Systems...
         Starting Remount Root and Kernel File Systems...
[    5.929954] systemd[1]: Starting Nameserver information manager...
         Starting Nameserver information manager...
[    5.934258] EXT4-fs (sda1): re-mounted. Opts: (null)
[    5.941620] systemd[1]: Mounting Huge Pages File System...
         Mounting Huge Pages File System...
[    5.972922] systemd[1]: Starting Load Kernel Modules...
         Starting Load Kernel Modules...
[    5.976173] systemd[1]: Starting Uncomplicated firewall...
         Starting Uncomplicated firewall...
[    5.979072] systemd[1]: Listening on /dev/initctl Compatibility Named Pipe.
[[0;32m  OK  [0m] Listening on /dev/initctl Compatibility Named Pipe.
[    5.982605] systemd[1]: Listening on Device-mapper event daemon FIFOs.
[[0;32m  OK  [0m] Listening on Device-mapper event daemon FIFOs.
[    5.987238] Loading iSCSI transport class v2.0-870.
[    5.992990] systemd[1]: Created slice User and Session Slice.
[[0;32m  OK  [0m] Created slice User and Session Slice.
[    5.995707] systemd[1]: Reached target Slices.
[[0;32m  OK  [0m] Reached target Slices.
[    5.997987] systemd[1]: Reached target Encrypted Volumes.
[    5.999999] iscsi: registered transport (tcp)
[[0;32m  OK  [0m] Reached target Encrypted Volumes.
[    6.012415] systemd[1]: Mounting POSIX Message Queue File System...
         Mounting POSIX Message Queue File System...
[    6.017282] systemd[1]: Starting Monitoring of LVM2 mirrors, snapshots etc. using dmeventd or progress polling...
         Starting Monitoring of LVM2 mirrors... dmeventd or progress polling...
[    6.023193] systemd[1]: Started Forward Password Requests to Wall Directory Watch.
[[0;32m  OK  [0m] Started Forward Password Requests to Wall Directory Watch.
[    6.026714] systemd[1]: Reached target System Time Synchronized.
[[0;32m  OK  [0m] Reached target System Time Synchronized.
[    6.030844] systemd[1]: Starting Create list of required static device nodes for the current kernel...
         Starting Create list of required st... nodes for the current kernel...
[    6.038852] systemd[1]: Starting Set console keymap...
         Starting Set console keymap...
[    6.044837] systemd[1]: Mounted POSIX Message Queue File System.
[[0;32m  OK  [0m] Mounted POSIX Message Queue File System.
[    6.048260] systemd[1]: Mounted Debug File System.
[[0;32m  OK  [0m] Mounted Debug File System.
[    6.051512] iscsi: registered transport (iser)
[    6.056714] systemd[1]: Mounted Huge Pages File System.
[[0;32m  OK  [0m] Mounted Huge Pages File System.
[    6.059085] systemd[1]: Started Journal Service.
[[0;32m  OK  [0m] Started Journal Service.
[[0;32m  OK  [0m] Started Remount Root and Kernel File Systems.
[[0;32m  OK  [0m] Started Load Kernel Modules.
[[0;32m  OK  [0m] Started Uncomplicated firewall.
[[0;32m  OK  [0m] Started Create list of required sta...ce nodes for the current kernel.
[[0;32m  OK  [0m] Started Nameserver information manager.
[[0;32m  OK  [0m] Started LVM2 metadata daemon.
         Starting Create Static Device Nodes in /dev...
         Starting Apply Kernel Variables...
         Mounting FUSE Control File System...
         Starting udev Coldplug all Devices...
         Starting Load/Save Random Seed...
         Starting Flush Journal to Persistent Storage...
[[0;32m  OK  [0m] Mounted FUSE Control File System.
[[0;32m  OK  [0m] Started Apply Kernel Variables.
[[0;32m  OK  [0m] Started Load/Save Random Seed.
[[0;32m  OK  [0m] Started Create Static Device Nodes in /dev.
         Starting udev Kernel Device Manager...
[[0;32m  OK  [0m] Started Flush Journal to Persistent Storage.
[[0;32m  OK  [0m] Started Set console keymap.
[[0;32m  OK  [0m] Started udev Kernel Device Manager.
[[0;32m  OK  [0m] Started udev Coldplug all Devices.
[[0;32m  OK  [0m] Started Dispatch Password Requests to Console Directory Watch.
[[0;32m  OK  [0m] Started Monitoring of LVM2 mirrors,...ng dmeventd or progress polling.
[[0;32m  OK  [0m] Reached target Local File Systems (Pre).
[[0;32m  OK  [0m] Reached target Local File Systems.
         Starting LSB: AppArmor initialization...
         Starting Set console font and keymap...
         Starting Initial cloud-init job (pre-networking)...
         Starting Commit a transient machine-id on disk...
         Starting Create Volatile Files and Directories...
         Starting Tell Plymouth To Write Out Runtime Data...
[[0;32m  OK  [0m] Found device /dev/ttyS0.
[[0;32m  OK  [0m] Started Create Volatile Files and Directories.
         Starting Update UTMP about System Boot/Shutdown...
[[0;32m  OK  [0m] Started Tell Plymouth To Write Out Runtime Data.
[[0;32m  OK  [0m] Started Update UTMP about System Boot/Shutdown.
[[0;32m  OK  [0m] Started Commit a transient machine-id on disk.
[[0;32m  OK  [0m] Listening on Load/Save RF Kill Switch Status /dev/rfkill Watch.
[    7.972957] cloud-init[500]: Cloud-init v. 19.2-36-g059d049c-0ubuntu2~16.04.1 running 'init-local' at Tue, 21 Jan 2020 14:12:39 +0000. Up 7.31 seconds.
[[0;32m  OK  [0m] Started Initial cloud-init job (pre-networking).
[[0;32m  OK  [0m] Reached target Network (Pre).
[[0;32m  OK  [0m] Started Set console font and keymap.
[[0;32m  OK  [0m] Created slice system-getty.slice.
[[0;32m  OK  [0m] Started LSB: AppArmor initialization.
         Starting Raise network interfaces...
[[0;32m  OK  [0m] Started Raise network interfaces.
         Starting Initial cloud-init job (metadata service crawler)...
[[0;32m  OK  [0m] Reached target Network.
[   10.139050] cloud-init[947]: Cloud-init v. 19.2-36-g059d049c-0ubuntu2~16.04.1 running 'init' at Tue, 21 Jan 2020 14:12:41 +0000. Up 9.32 seconds.
[   10.140461] cloud-init[947]: ci-info: ++++++++++++++++++++++++++++++++++++++Net device info++++++++++++++++++++++++++++++++++++++
[   10.149144] cloud-init[947]: ci-info: +--------+------+----------------------------+---------------+--------+-------------------+
[   10.160855] cloud-init[947]: ci-info: | Device |  Up  |          Address           |      Mask     | Scope  |     Hw-Address    |
[   10.172509] cloud-init[947]: ci-info: +--------+------+----------------------------+---------------+--------+-------------------+
[   10.181282] cloud-init[947]: ci-info: | enp0s3 | True |         10.0.2.15          | 255.255.255.0 | global | 02:dd:45:a7:5d:a0 |
[   10.189583] cloud-init[947]: ci-info: | enp0s3 | True | fe80::dd:45ff:fea7:5da0/64 |       .       |  link  | 02:dd:45:a7:5d:a0 |
[   10.191113] cloud-init[947]: ci-info: |   lo   | True |         127.0.0.1          |   255.0.0.0   |  host  |         .         |
[   10.200886] cloud-init[947]: ci-info: |   lo   | True |          ::1/128           |       .       |  host  |         .         |
[   10.201037] cloud-init[947]: ci-info: +--------+------+----------------------------+---------------+--------+-------------------+
[   10.201273] cloud-init[947]: ci-info: +++++++++++++++++++++++++++Route IPv4 info++++++++++++++++++++++++++++
[   10.201565] cloud-init[947]: ci-info: +-------+-------------+----------+---------------+-----------+-------+
[   10.202089] cloud-init[947]: ci-info: | Route | Destination | Gateway  |    Genmask    | Interface | Flags |
[   10.202354] cloud-init[947]: ci-info: +-------+-------------+----------+---------------+-----------+-------+
[   10.202616] cloud-init[947]: ci-info: |   0   |   0.0.0.0   | 10.0.2.2 |    0.0.0.0    |   enp0s3  |   UG  |
[   10.203157] cloud-init[947]: ci-info: |   1   |   10.0.2.0  | 0.0.0.0  | 255.255.255.0 |   enp0s3  |   U   |
[[0;32m  OK  [0m] Started Initial cloud-init job (metadata service crawler).
[   10.203758] cloud-init[947]: ci-info: +-------+-------------+----------+---------------+-----------+-------+
[   10.220661] cloud-init[947]: ci-info: +++++++++++++++++++Route IPv6 info+++++++++++++++++++
[   10.220955] cloud-init[947]: ci-info: +-------+-------------+---------+-----------+-------+
[   10.221650] cloud-init[947]: ci-info: | Route | Destination | Gateway | Interface | Flags |
[   10.221985] cloud-init[947]: ci-info: +-------+-------------+---------+-----------+-------+
[   10.222668] cloud-init[947]: ci-info: |   0   |  fe80::/64  |    ::   |   enp0s3  |   U   |
[   10.223003] cloud-init[947]: ci-info: |   3   |   ff00::/8  |    ::   |   enp0s3  |   U   |
[[0;32m  OK  [0m] Reached target Network is Online.
[   10.223388] cloud-init[947]: ci-info: +-------+-------------+---------+-----------+-------+
[   10.232431] cloud-init[947]: Generating public/private rsa key pair.
[   10.240597] cloud-init[947]: Your identification has been saved in /etc/ssh/ssh_host_rsa_key.
[   10.248396] cloud-init[947]: Your public key has been saved in /etc/ssh/ssh_host_rsa_key.pub.
[   10.250481]          Starting iSCSI initiator daemon (iscsid)...
[[0;32m  OK  [0m] Reached target Cloud-config availability.
[[0;32m  OK  [0m] Reached target System Initialization.
         Starting Socket activation for snappy daemon.
[[0;32m  OK  [0m] Listening on D-Bus System Message Bus Socket.
cloud-init[947]: The key fingerprint is:
         Starting LXD - unix socket.
[[0;32m  OK  [0m] Listening on ACPID Listen Socket.
[[0;32m  OK  [0m] Listening on UUID daemon activation socket.
[   10.258018] [[0;32m  OK  [0m] Started ACPI Events Check.
[[0;32m  OK  [0m] Reached target Paths.
[[0;32m  OK  [0m] Started Daily apt download activities.
[[0;32m  OK  [0m] Started Daily apt upgrade and clean activities.
[[0;32m  OK  [0m] Started Message of the Day.
[[0;32m  OK  [0m] Started Daily Cleanup of Temporary Directories.
[[0;32m  OK  [0m] Reached target Timers.
[[0;32m  OK  [0m] Listening on Socket activation for snappy daemon.
[[0;32m  OK  [0m] Listening on LXD - unix socket.
[[0;32m  OK  [0m] Reached target Sockets.
[[0;32m  OK  [0m] Reached target Basic System.
cloud-init[947]: SHA256:2Dno6ecbN3Gyntwgv2I2IBOfLY1uXxxvlXsOIy/omYk root@ubuntu-xenial
[   10.268261] cloud-init         Starting Login Service...
[947]: The key's randomart image is:         Starting Pollinate to seed the pseudo random number generator...

[   10.272008] cloud-init         Starting Snappy daemon...
[947]: +---[RSA 2048]----+         Starting LSB: Record successful boot for GRUB...

[[0;32m  OK  [0m] Started Deferred execution scheduler.
         Starting Virtualbox guest utils...
[[0;32m  OK  [0m] Started D-Bus System Message Bus.
[   10.274833] cloud-init[947]: |                 |
[   10.290968] cloud-init[947]: |                 |
[   10.295162] cloud-init[947]: |                 |
[   10.298933] cloud-init[947]: |    .  + .     . |
[   10.301057] cloud-init[947]: |     oo=S + . o  |
[   10.303071] cloud-init[947]: |    o.*.oo B . . |
[   10.304956] cloud-init[947]: |     +ooo B.+ + .|
[   10.308148] cloud-init[947]: |     .o *X.X.o = |
[   10.310649] cloud-init[947]: |     ..*E=@.... .|
[   10.313686] cloud-init[947]: +----[SHA256]-----+
[   10.315975] cloud-init[947]: Generating public/private dsa key pair.
[   10.318100] cloud-init[947]: Your identification has been saved in /etc/ssh/ssh_host_dsa_key.
[   10.320508] cloud-init[947]: Your public key has been saved in /etc/ssh/ssh_host_dsa_key.pub.
[   10.322504] cloud-init[947]: The key fingerprint is:
[   10.323530] cloud-init[947]: SHA256:DQQbiJTwgKCGYXXJeuZ8wF88Y8e2bOlJeMwnwrEI2Ao root@ubuntu-xenial
[   10.325145] cloud-init[947]: The key's randomart image is:
[   10.326279] cloud-init[947]: +---[DSA 1024]----+
[   10.327242] cloud-init[947]: |B+o+.o+..        |
[   10.330021] cloud-init[947]: |=+o oo +         |
[   10.332337] cloud-init[947]: |o.. = . o .      |
[   10.333797] cloud-init[947]: |.E o B   X +     |
[   10.335436] cloud-init[947]: |  . * + S & o    |
[   10.336923] cloud-init[947]: |   . o + = @ .   |
[   10.338212] cloud-init[947]: |      .   * +    |
[   10.339199] cloud-init[947]: |           o     |
         Starting /etc/rc.local Compatibility...
         Starting Accounts Service...
         Starting LSB: MD monitoring daemon...
         Starting System Logging Service...
         Starting LXD - container startup/shutdown...
[   10.343849] cloud-init[947]: |                 |
[   10.359670] cloud-init[947]: +----[SHA256]-----+
[   10.361838] cloud-init[947]: Generating public/private ecdsa key pair.
[[0;32m  OK  [0m] Started ACPI event daemon.
[   10.370990] cloud-init[947]: [[0;32m  OK  [0m] Started Regular background program processing daemon.
[[0;32m  OK  [0m] Started FUSE filesystem for LXC.
[[0;32m  OK  [0m] Started /etc/rc.local Compatibility.
Your identification has been saved in /etc/ssh/ssh_host_ecdsa_key.
[[0;32m  OK  [0m] Started Login Service.
[   10.399980] cloud-init[947]: [[0;32m  OK  [0m] Started Unattended Upgrades Shutdown.
Your public key has been saved in /etc/ssh/ssh_host_ecdsa_key.pub.
[   10.420564] [[0;32m  OK  [0m] Started iSCSI initiator daemon (iscsid).
cloud-init[947]: The key fingerprint is:
[   10.428765] cloud-init[947]: SHA256:Q10uE/ZoU/kp0l1yJteCXVHKOHcdDnhqOOkbGKdTRxg root@ubuntu-xenial
[   10.431519]          Starting Login to default iSCSI targets...
[[0;32m  OK  [0m] Started System Logging Service.
cloud-init[947]: The key's randomart image is:
[   10.442405] cloud-init[947]: +---[ECDSA 256]---+
[   10.444625] cloud-init[947]: |         E= += +*|
[[0;32m  OK  [0m] Started LSB: Record successful boot for GRUB.
[   10.456472] cloud-init[947]: |         + Xo+B.O|
[   10.458940] cloud-init[947]: |        . @.Bo+@o|
[   10.468998] [[0;32m  OK  [0m] Started Login to default iSCSI targets.
[[0;32m  OK  [0m] Reached target Remote File Systems (Pre).
[[0;32m  OK  [0m] Reached target Remote File Systems.
         Starting LSB: Set the CPU Frequency Scaling governor to "ondemand"...
         Starting LSB: automatic crash report generation...
         Starting Permit User Sessions...
         Starting LSB: daemon to balance interrupts for SMP systems...
         cloud-initStarting Authenticate and Authorize Users to Run Privileged Tasks...
[947]: |       o B.Boo+. |[[0;32m  OK  [0m] Started Permit User Sessions.
         Starting Hold until boot process finishes up...
         Starting Terminate Plymouth Boot Screen...
[[0;32m  OK  [0m] Started Hold until boot process finishes up.
         Starting Set console scheme...
[[0;32m  OK  [0m] Started Getty on tty1.
[[0;32m  OK  [0m] Started Serial Getty on ttyS0.
[[0;32m  OK  [0m] Reached target Login Prompts.
[[0;32m  OK  [0m] Started LSB: MD monitoring daemon.
[[0;32m  OK  [0m] Started Set console scheme.

[   10.519766] cloud-init[947]: |        S +. .   |
[   10.526721] cloud-init[947]: |       + +       |
[   10.528526] cloud-init[947]: [[0;32m  OK  [0m] Started Terminate Plymouth Boot Screen.
|        . o      |
[   10.537756] cloud-init[947]: |         .       |
[   10.541931] cloud-init[947]: |                 |
[   10.545751] cloud-init[947]: +----[SHA256]-----+
[[0;32m  OK  [0m] Started LSB: Set the CPU Frequency Scaling governor to "ondemand".
[   10.558394] cloud-init[947]: Generating public/private ed25519 key pair.
[[0;32m  OK  [0m] Started Authenticate and Authorize Users to Run Privileged Tasks.
[   10.578147] cloud-init[947]: Your identification has been saved in /etc/ssh/ssh_host_ed25519_key.[[0;32m  OK  [0m] Started Accounts Service.

[   10.585785] cloud-init[947]: Your public key has been saved in /etc/ssh/ssh_host_ed25519_key.pub.
[   10.589470] cloud-init[[0;32m  OK  [0m] Started LSB: daemon to balance interrupts for SMP systems.
[947]: The key fingerprint is:
[   10.603467] cloud-init[947]: SHA256:B5DBQhzR7GQ/BDiwQULIkezlchPZaFKfZjWrKbq7RlM root@ubuntu-xenial
[   10.605472] cloud-init[947]: The key's randomart image is:
[   10.606690] cloud-init[947]: +--[ED25519 256]--+
[   10.607885] cloud-init[947]: |*+B=BB+*         |
[   10.609354] cloud-init[947]: |.* O*.X.+        |
[   10.610872] cloud-init[947]: |. * .@ +.        |
[   10.612418] cloud-init[947]: | o Eo + o.       |
[   10.625019] cloud-init[947]: |  +..o  S..      |
[   10.628585] cloud-init[947]: | o. .    .       |
[   10.631934] cloud-init[947]: |...              |
[   10.635379] [[0;32m  OK  [0m] Started LSB: automatic crash report generation.
cloud-init[947]: | ..              |
[   10.642948] cloud-init[947]: |.+o              |
[   10.653276] cloud-init[947]: +----[SHA256]-----+
[[0;32m  OK  [0m] Started LXD - container startup/shutdown.
[[0;32m  OK  [0m] Started Virtualbox guest utils.
[[0;32m  OK  [0m] Started Snappy daemon.
         Starting Wait until snapd is fully seeded...
[[0;32m  OK  [0m] Started Pollinate to seed the pseudo random number generator.
         Starting OpenBSD Secure Shell server...
[[0;32m  OK  [0m] Started OpenBSD Secure Shell server.
[[0;32m  OK  [0m] Created slice User Slice of vagrant.
         Starting User Manager for UID 1000...
[[0;32m  OK  [0m] Started Session 1 of user vagrant.
[[0;32m  OK  [0m] Started User Manager for UID 1000.
[[0;32m  OK  [0m] Started Wait until snapd is fully seeded.
[[0;32m  OK  [0m] Reached target Multi-User System.
[[0;32m  OK  [0m] Reached target Graphical Interface.
         Starting Update UTMP about System Runlevel Changes...
         Starting Apply the settings specified in cloud-config...
[[0;32m  OK  [0m] Started Update UTMP about System Runlevel Changes.
[   12.605342] cloud-init[1373]: Generating locales (this might take a while)...
[   13.767095] cloud-init[1373]:   en_US.UTF-8... done
[   13.769297] cloud-init[1373]: Generation complete.
[   14.125211] cloud-init[1373]: Cloud-init v. 19.2-36-g059d049c-0ubuntu2~16.04.1 running 'modules:config' at Tue, 21 Jan 2020 14:12:45 +0000. Up 12.43 seconds.
[[0;32m  OK  [0m] Started Apply the settings specified in cloud-config.
         Starting Execute cloud user/final scripts...
ci-info: no authorized ssh keys fingerprints found for user ubuntu.
<14>Jan 21 14:12:47 ec2: 
<14>Jan 21 14:12:47 ec2: #############################################################
<14>Jan 21 14:12:47 ec2: -----BEGIN SSH HOST KEY FINGERPRINTS-----
<14>Jan 21 14:12:47 ec2: 1024 SHA256:DQQbiJTwgKCGYXXJeuZ8wF88Y8e2bOlJeMwnwrEI2Ao root@ubuntu-xenial (DSA)
<14>Jan 21 14:12:47 ec2: 256 SHA256:Q10uE/ZoU/kp0l1yJteCXVHKOHcdDnhqOOkbGKdTRxg root@ubuntu-xenial (ECDSA)
<14>Jan 21 14:12:47 ec2: 256 SHA256:B5DBQhzR7GQ/BDiwQULIkezlchPZaFKfZjWrKbq7RlM root@ubuntu-xenial (ED25519)
<14>Jan 21 14:12:47 ec2: 2048 SHA256:2Dno6ecbN3Gyntwgv2I2IBOfLY1uXxxvlXsOIy/omYk root@ubuntu-xenial (RSA)
<14>Jan 21 14:12:47 ec2: -----END SSH HOST KEY FINGERPRINTS-----
<14>Jan 21 14:12:47 ec2: #############################################################
-----BEGIN SSH HOST KEY KEYS-----
ecdsa-sha2-nistp256 AAAAE2VjZHNhLXNoYTItbmlzdHAyNTYAAAAIbmlzdHAyNTYAAABBBFHobYcgO9ecs3aZkpOvBdQ1rSI0Z9IrALJO/GGisMlQG52LzlhokoZ4kb5YTY1CE3744kLnhWzWfPpFz5n1YCE= root@ubuntu-xenial
ssh-ed25519 AAAAC3NzaC1lZDI1NTE5AAAAIAg4Y3p3kBgEeXLoL/NgGpHaH962iEuzDngLSplEJvhp root@ubuntu-xenial
ssh-rsa AAAAB3NzaC1yc2EAAAADAQABAAABAQCkFuYJ146AwYDrOjJWpIyhwD7p2KiazIJ7gVlJU9kjNDGhVFIkNqkpARThFduEu82AnM+FmF5s7rWN05SLOj0ioKxwZdh2NaOoRlBGdYpA58RaOjBQqFgSoFX4I+WmB4u39toYvKAasTSWz91+OiVZKUea1bhS6ZMUUjGI6szTsTSvaJtOjpsfG65/1XYDER0N/BH6RoRdl6ewY2LcxvABQ5I5FgfdCz4ZsjkQYAhFVuwWAuYAknEfmaKm+AC7FgFVzd7qd5XKqYiB9FDb7dF2afV11L8Gh8PZZ+OD9LeFrshOfzE3ciDb2Sj1U84e1SYXzhL96CJCsZjFQ8hhDi95 root@ubuntu-xenial
-----END SSH HOST KEY KEYS-----
[   14.883880] cloud-init[1542]: Cloud-init v. 19.2-36-g059d049c-0ubuntu2~16.04.1 running 'modules:final' at Tue, 21 Jan 2020 14:12:47 +0000. Up 14.66 seconds.
[   14.886584] cloud-init[1542]: ci-info: no authorized ssh keys fingerprints found for user ubuntu.
[   14.888528] cloud-init[1542]: Cloud-init v. 19.2-36-g059d049c-0ubuntu2~16.04.1 finished at Tue, 21 Jan 2020 14:12:47 +0000. Datasource DataSourceNoCloud [seed=/dev/sdb][dsmode=net].  Up 14.87 seconds
[[0;32m  OK  [0m] Started Execute cloud user/final scripts.
[[0;32m  OK  [0m] Reached target Cloud-init target.

Ubuntu 16.04.6 LTS ubuntu-xenial ttyS0

ubuntu-xenial login: 